0 info it worked if it ends with ok
1 verbose cli [ 'node',
1 verbose cli   '/usr/local/bin/npm',
1 verbose cli   'install',
1 verbose cli   'grunt-contrib-livereload',
1 verbose cli   '--save-dev' ]
2 info using npm@1.4.28
3 info using node@v0.10.32
4 warn package.json sasc@2.0.0 No description
5 warn package.json sasc@2.0.0 No repository field.
6 warn package.json sasc@2.0.0 No README data
7 verbose readDependencies using package.json deps
8 verbose cache add [ 'grunt-contrib-livereload', null ]
9 verbose cache add name=undefined spec="grunt-contrib-livereload" args=["grunt-contrib-livereload",null]
10 verbose parsed url { protocol: null,
10 verbose parsed url   slashes: null,
10 verbose parsed url   auth: null,
10 verbose parsed url   host: null,
10 verbose parsed url   port: null,
10 verbose parsed url   hostname: null,
10 verbose parsed url   hash: null,
10 verbose parsed url   search: null,
10 verbose parsed url   query: null,
10 verbose parsed url   pathname: 'grunt-contrib-livereload',
10 verbose parsed url   path: 'grunt-contrib-livereload',
10 verbose parsed url   href: 'grunt-contrib-livereload' }
11 silly lockFile 7392ed6d-grunt-contrib-livereload grunt-contrib-livereload
12 verbose lock grunt-contrib-livereload /Users/brunocau/.npm/7392ed6d-grunt-contrib-livereload.lock
13 silly lockFile 7392ed6d-grunt-contrib-livereload grunt-contrib-livereload
14 silly lockFile 7392ed6d-grunt-contrib-livereload grunt-contrib-livereload
15 verbose addNamed [ 'grunt-contrib-livereload', '' ]
16 verbose addNamed [ null, '*' ]
17 silly lockFile 531345fb-grunt-contrib-livereload grunt-contrib-livereload@
18 verbose lock grunt-contrib-livereload@ /Users/brunocau/.npm/531345fb-grunt-contrib-livereload.lock
19 silly addNameRange { name: 'grunt-contrib-livereload', range: '*', hasData: false }
20 silly lockFile 531345fb-grunt-contrib-livereload grunt-contrib-livereload@
21 silly lockFile 531345fb-grunt-contrib-livereload grunt-contrib-livereload@
22 error network getaddrinfo ENOTFOUND
22 error network This is most likely not a problem with npm itself
22 error network and is related to network connectivity.
22 error network In most cases you are behind a proxy or have bad network settings.
22 error network
22 error network If you are behind a proxy, please make sure that the
22 error network 'proxy' config is set properly.  See: 'npm help config'
23 error System Darwin 14.0.0
24 error command "node" "/usr/local/bin/npm" "install" "grunt-contrib-livereload" "--save-dev"
25 error cwd /Users/brunocau/Documents/SASC
26 error node -v v0.10.32
27 error npm -v 1.4.28
28 error syscall getaddrinfo
29 error code ENOTFOUND
30 error errno ENOTFOUND
31 verbose exit [ 1, true ]
